0 info it worked if it ends with ok
1 verbose cli [ '/usr/bin/node', '/usr/bin/npm', 'install' ]
2 info using npm@1.4.28
3 info using node@v0.10.37
4 verbose node symlink /usr/bin/node
5 verbose readDependencies using package.json deps
6 verbose install where, deps [ '/home/nvm/DEV/kahu_canvas',
6 verbose install   [ 'browserify', 'chai', 'mocha', 'sinon', 'sinon-chai' ] ]
7 info preinstall canvas@1.0.0
8 verbose readDependencies using package.json deps
9 verbose cache add [ 'browserify@^11.1.0', null ]
10 verbose cache add name=undefined spec="browserify@^11.1.0" args=["browserify@^11.1.0",null]
11 verbose parsed url { protocol: null,
11 verbose parsed url   slashes: null,
11 verbose parsed url   auth: null,
11 verbose parsed url   host: null,
11 verbose parsed url   port: null,
11 verbose parsed url   hostname: null,
11 verbose parsed url   hash: null,
11 verbose parsed url   search: null,
11 verbose parsed url   query: null,
11 verbose parsed url   pathname: 'browserify@^11.1.0',
11 verbose parsed url   path: 'browserify@^11.1.0',
11 verbose parsed url   href: 'browserify@^11.1.0' }
12 verbose cache add [ 'chai@^3.3.0', null ]
13 verbose cache add name=undefined spec="chai@^3.3.0" args=["chai@^3.3.0",null]
14 verbose parsed url { protocol: null,
14 verbose parsed url   slashes: null,
14 verbose parsed url   auth: null,
14 verbose parsed url   host: null,
14 verbose parsed url   port: null,
14 verbose parsed url   hostname: null,
14 verbose parsed url   hash: null,
14 verbose parsed url   search: null,
14 verbose parsed url   query: null,
14 verbose parsed url   pathname: 'chai@^3.3.0',
14 verbose parsed url   path: 'chai@^3.3.0',
14 verbose parsed url   href: 'chai@^3.3.0' }
15 verbose cache add [ 'mocha@^2.3.3', null ]
16 verbose cache add name=undefined spec="mocha@^2.3.3" args=["mocha@^2.3.3",null]
17 verbose parsed url { protocol: null,
17 verbose parsed url   slashes: null,
17 verbose parsed url   auth: null,
17 verbose parsed url   host: null,
17 verbose parsed url   port: null,
17 verbose parsed url   hostname: null,
17 verbose parsed url   hash: null,
17 verbose parsed url   search: null,
17 verbose parsed url   query: null,
17 verbose parsed url   pathname: 'mocha@^2.3.3',
17 verbose parsed url   path: 'mocha@^2.3.3',
17 verbose parsed url   href: 'mocha@^2.3.3' }
18 verbose cache add [ 'sinon@^1.17.0', null ]
19 verbose cache add name=undefined spec="sinon@^1.17.0" args=["sinon@^1.17.0",null]
20 verbose parsed url { protocol: null,
20 verbose parsed url   slashes: null,
20 verbose parsed url   auth: null,
20 verbose parsed url   host: null,
20 verbose parsed url   port: null,
20 verbose parsed url   hostname: null,
20 verbose parsed url   hash: null,
20 verbose parsed url   search: null,
20 verbose parsed url   query: null,
20 verbose parsed url   pathname: 'sinon@^1.17.0',
20 verbose parsed url   path: 'sinon@^1.17.0',
20 verbose parsed url   href: 'sinon@^1.17.0' }
21 verbose cache add name="browserify" spec="^11.1.0" args=["browserify","^11.1.0"]
22 verbose parsed url { protocol: null,
22 verbose parsed url   slashes: null,
22 verbose parsed url   auth: null,
22 verbose parsed url   host: null,
22 verbose parsed url   port: null,
22 verbose parsed url   hostname: null,
22 verbose parsed url   hash: null,
22 verbose parsed url   search: null,
22 verbose parsed url   query: null,
22 verbose parsed url   pathname: '^11.1.0',
22 verbose parsed url   path: '^11.1.0',
22 verbose parsed url   href: '^11.1.0' }
23 verbose addNamed [ 'browserify', '^11.1.0' ]
24 verbose addNamed [ null, '>=11.1.0-0 <12.0.0-0' ]
25 verbose cache add name="chai" spec="^3.3.0" args=["chai","^3.3.0"]
26 verbose parsed url { protocol: null,
26 verbose parsed url   slashes: null,
26 verbose parsed url   auth: null,
26 verbose parsed url   host: null,
26 verbose parsed url   port: null,
26 verbose parsed url   hostname: null,
26 verbose parsed url   hash: null,
26 verbose parsed url   search: null,
26 verbose parsed url   query: null,
26 verbose parsed url   pathname: '^3.3.0',
26 verbose parsed url   path: '^3.3.0',
26 verbose parsed url   href: '^3.3.0' }
27 verbose addNamed [ 'chai', '^3.3.0' ]
28 verbose addNamed [ null, '>=3.3.0-0 <4.0.0-0' ]
29 verbose cache add name="mocha" spec="^2.3.3" args=["mocha","^2.3.3"]
30 verbose parsed url { protocol: null,
30 verbose parsed url   slashes: null,
30 verbose parsed url   auth: null,
30 verbose parsed url   host: null,
30 verbose parsed url   port: null,
30 verbose parsed url   hostname: null,
30 verbose parsed url   hash: null,
30 verbose parsed url   search: null,
30 verbose parsed url   query: null,
30 verbose parsed url   pathname: '^2.3.3',
30 verbose parsed url   path: '^2.3.3',
30 verbose parsed url   href: '^2.3.3' }
31 verbose addNamed [ 'mocha', '^2.3.3' ]
32 verbose addNamed [ null, '>=2.3.3-0 <3.0.0-0' ]
33 verbose cache add [ 'sinon-chai@^2.8.0', null ]
34 verbose cache add name=undefined spec="sinon-chai@^2.8.0" args=["sinon-chai@^2.8.0",null]
35 verbose parsed url { protocol: null,
35 verbose parsed url   slashes: null,
35 verbose parsed url   auth: null,
35 verbose parsed url   host: null,
35 verbose parsed url   port: null,
35 verbose parsed url   hostname: null,
35 verbose parsed url   hash: null,
35 verbose parsed url   search: null,
35 verbose parsed url   query: null,
35 verbose parsed url   pathname: 'sinon-chai@^2.8.0',
35 verbose parsed url   path: 'sinon-chai@^2.8.0',
35 verbose parsed url   href: 'sinon-chai@^2.8.0' }
36 verbose cache add name="sinon" spec="^1.17.0" args=["sinon","^1.17.0"]
37 verbose parsed url { protocol: null,
37 verbose parsed url   slashes: null,
37 verbose parsed url   auth: null,
37 verbose parsed url   host: null,
37 verbose parsed url   port: null,
37 verbose parsed url   hostname: null,
37 verbose parsed url   hash: null,
37 verbose parsed url   search: null,
37 verbose parsed url   query: null,
37 verbose parsed url   pathname: '^1.17.0',
37 verbose parsed url   path: '^1.17.0',
37 verbose parsed url   href: '^1.17.0' }
38 verbose addNamed [ 'sinon', '^1.17.0' ]
39 verbose addNamed [ null, '>=1.17.0-0 <2.0.0-0' ]
40 silly lockFile 18d46eaa-browserify-11-1-0 browserify@^11.1.0
41 verbose lock browserify@^11.1.0 /home/nvm/.npm/18d46eaa-browserify-11-1-0.lock
42 silly lockFile 6419c8ac-chai-3-3-0 chai@^3.3.0
43 verbose lock chai@^3.3.0 /home/nvm/.npm/6419c8ac-chai-3-3-0.lock
44 silly lockFile 269a5e08-mocha-2-3-3 mocha@^2.3.3
45 verbose lock mocha@^2.3.3 /home/nvm/.npm/269a5e08-mocha-2-3-3.lock
46 silly lockFile 6992e28b-sinon-1-17-0 sinon@^1.17.0
47 verbose lock sinon@^1.17.0 /home/nvm/.npm/6992e28b-sinon-1-17-0.lock
48 verbose cache add name="sinon-chai" spec="^2.8.0" args=["sinon-chai","^2.8.0"]
49 verbose parsed url { protocol: null,
49 verbose parsed url   slashes: null,
49 verbose parsed url   auth: null,
49 verbose parsed url   host: null,
49 verbose parsed url   port: null,
49 verbose parsed url   hostname: null,
49 verbose parsed url   hash: null,
49 verbose parsed url   search: null,
49 verbose parsed url   query: null,
49 verbose parsed url   pathname: '^2.8.0',
49 verbose parsed url   path: '^2.8.0',
49 verbose parsed url   href: '^2.8.0' }
50 verbose addNamed [ 'sinon-chai', '^2.8.0' ]
51 verbose addNamed [ null, '>=2.8.0-0 <3.0.0-0' ]
52 silly lockFile 9ea2d9b5-sinon-chai-2-8-0 sinon-chai@^2.8.0
53 verbose lock sinon-chai@^2.8.0 /home/nvm/.npm/9ea2d9b5-sinon-chai-2-8-0.lock
54 silly addNameRange { name: 'browserify',
54 silly addNameRange   range: '>=11.1.0-0 <12.0.0-0',
54 silly addNameRange   hasData: false }
55 silly addNameRange { name: 'chai', range: '>=3.3.0-0 <4.0.0-0', hasData: false }
56 silly addNameRange { name: 'mocha', range: '>=2.3.3-0 <3.0.0-0', hasData: false }
57 silly addNameRange { name: 'sinon', range: '>=1.17.0-0 <2.0.0-0', hasData: false }
58 silly addNameRange { name: 'sinon-chai',
58 silly addNameRange   range: '>=2.8.0-0 <3.0.0-0',
58 silly addNameRange   hasData: false }
59 verbose request where is /sinon
60 verbose request registry https://registry.npmjs.org/
61 verbose request id fc2e9feec7cf69ea
62 verbose url raw /sinon
63 verbose url resolving [ 'https://registry.npmjs.org/', './sinon' ]
64 verbose url resolved https://registry.npmjs.org/sinon
65 verbose request where is https://registry.npmjs.org/sinon
66 info trying registry request attempt 1 at 16:39:22
67 verbose etag "322TXV5ALDNGNLHEEKWEAZXXX"
68 http GET https://registry.npmjs.org/sinon
69 verbose request where is /sinon-chai
70 verbose request registry https://registry.npmjs.org/
71 verbose url raw /sinon-chai
72 verbose url resolving [ 'https://registry.npmjs.org/', './sinon-chai' ]
73 verbose url resolved https://registry.npmjs.org/sinon-chai
74 verbose request where is https://registry.npmjs.org/sinon-chai
75 info trying registry request attempt 1 at 16:39:22
76 verbose etag "3D7C991XACFRD4PZFDHXKNCKI"
77 http GET https://registry.npmjs.org/sinon-chai
78 verbose request where is /mocha
79 verbose request registry https://registry.npmjs.org/
80 verbose url raw /mocha
81 verbose url resolving [ 'https://registry.npmjs.org/', './mocha' ]
82 verbose url resolved https://registry.npmjs.org/mocha
83 verbose request where is https://registry.npmjs.org/mocha
84 info trying registry request attempt 1 at 16:39:22
85 verbose etag "CMNGSG6GEF2KDSO62MO1NH4VK"
86 http GET https://registry.npmjs.org/mocha
87 verbose request where is /chai
88 verbose request registry https://registry.npmjs.org/
89 verbose url raw /chai
90 verbose url resolving [ 'https://registry.npmjs.org/', './chai' ]
91 verbose url resolved https://registry.npmjs.org/chai
92 verbose request where is https://registry.npmjs.org/chai
93 info trying registry request attempt 1 at 16:39:22
94 verbose etag "16CYCJ13PH4WFETPP6WET8VII"
95 http GET https://registry.npmjs.org/chai
96 verbose request where is /browserify
97 verbose request registry https://registry.npmjs.org/
98 verbose url raw /browserify
99 verbose url resolving [ 'https://registry.npmjs.org/', './browserify' ]
100 verbose url resolved https://registry.npmjs.org/browserify
101 verbose request where is https://registry.npmjs.org/browserify
102 info trying registry request attempt 1 at 16:39:22
103 verbose etag "EI1SFLQK1AIEEDE2S0JTF9XJN"
104 http GET https://registry.npmjs.org/browserify
105 http 304 https://registry.npmjs.org/browserify
106 silly registry.get cb [ 304,
106 silly registry.get   { date: 'Thu, 24 Sep 2015 04:39:22 GMT',
106 silly registry.get     via: '1.1 varnish',
106 silly registry.get     'cache-control': 'max-age=60',
106 silly registry.get     etag: '"EI1SFLQK1AIEEDE2S0JTF9XJN"',
106 silly registry.get     age: '24',
106 silly registry.get     connection: 'keep-alive',
106 silly registry.get     'x-served-by': 'cache-akl6420-AKL',
106 silly registry.get     'x-cache': 'HIT',
106 silly registry.get     'x-cache-hits': '1',
106 silly registry.get     'x-timer': 'S1443069562.463667,VS0,VE0',
106 silly registry.get     vary: 'Accept' } ]
107 verbose etag https://registry.npmjs.org/browserify from cache
108 silly addNameRange number 2 { name: 'browserify',
108 silly addNameRange   range: '>=11.1.0-0 <12.0.0-0',
108 silly addNameRange   hasData: true }
109 silly addNameRange versions [ 'browserify',
109 silly addNameRange   [ '0.0.1',
109 silly addNameRange     '0.0.2',
109 silly addNameRange     '0.0.3',
109 silly addNameRange     '0.0.4',
109 silly addNameRange     '0.0.5',
109 silly addNameRange     '0.1.0',
109 silly addNameRange     '0.1.1',
109 silly addNameRange     '0.1.2',
109 silly addNameRange     '0.1.3',
109 silly addNameRange     '0.1.4',
109 silly addNameRange     '0.1.5',
109 silly addNameRange     '0.2.0',
109 silly addNameRange     '0.2.1',
109 silly addNameRange     '0.2.2',
109 silly addNameRange     '0.2.3',
109 silly addNameRange     '0.2.4',
109 silly addNameRange     '0.2.5',
109 silly addNameRange     '0.2.6',
109 silly addNameRange     '0.2.7',
109 silly addNameRange     '0.2.8',
109 silly addNameRange     '0.2.9',
109 silly addNameRange     '0.2.10',
109 silly addNameRange     '0.2.11',
109 silly addNameRange     '0.3.0',
109 silly addNameRange     '0.3.1',
109 silly addNameRange     '0.3.2',
109 silly addNameRange     '0.3.3',
109 silly addNameRange     '0.3.4',
109 silly addNameRange     '0.3.5',
109 silly addNameRange     '0.3.6',
109 silly addNameRange     '0.3.7',
109 silly addNameRange     '0.4.0',
109 silly addNameRange     '0.4.1',
109 silly addNameRange     '0.4.2',
109 silly addNameRange     '0.4.3',
109 silly addNameRange     '0.4.4',
109 silly addNameRange     '0.4.5',
109 silly addNameRange     '0.4.6',
109 silly addNameRange     '0.4.7',
109 silly addNameRange     '0.4.8',
109 silly addNameRange     '0.4.9',
109 silly addNameRange     '0.4.10',
109 silly addNameRange     '0.4.11',
109 silly addNameRange     '0.4.12',
109 silly addNameRange     '0.4.13',
109 silly addNameRange     '0.4.14',
109 silly addNameRange     '0.4.15',
109 silly addNameRange     '0.5.0',
109 silly addNameRange     '0.5.1',
109 silly addNameRange     '0.5.2',
109 silly addNameRange     '1.0.0',
109 silly addNameRange     '1.1.0',
109 silly addNameRange     '1.1.1',
109 silly addNameRange     '1.1.2',
109 silly addNameRange     '1.1.3',
109 silly addNameRange     '1.1.4',
109 silly addNameRange     '1.2.0',
109 silly addNameRange     '1.2.1',
109 silly addNameRange     '1.2.2',
109 silly addNameRange     '1.2.3',
109 silly addNameRange     '1.2.4',
109 silly addNameRange     '1.2.5',
109 silly addNameRange     '1.2.6',
109 silly addNameRange     '1.2.7',
109 silly addNameRange     '1.2.8',
109 silly addNameRange     '1.2.9',
109 silly addNameRange     '1.3.0',
109 silly addNameRange     '1.4.0',
109 silly addNameRange     '1.4.1',
109 silly addNameRange     '1.4.2',
109 silly addNameRange     '1.4.3',
109 silly addNameRange     '1.4.4',
109 silly addNameRange     '1.4.5',
109 silly addNameRange     '1.4.6',
109 silly addNameRange     '1.4.7',
109 silly addNameRange     '1.4.8',
109 silly addNameRange     '1.5.0',
109 silly addNameRange     '1.6.0',
109 silly addNameRange     '1.6.1',
109 silly addNameRange     '1.7.0',
109 silly addNameRange     '1.7.1',
109 silly addNameRange     '1.7.2',
109 silly addNameRange     '1.7.3',
109 silly addNameRange     '1.7.4',
109 silly addNameRange     '1.7.5',
109 silly addNameRange     '1.7.6',
109 silly addNameRange     '1.7.7',
109 silly addNameRange     '1.8.0',
109 silly addNameRange     '1.8.1',
109 silly addNameRange     '1.8.2',
109 silly addNameRange     '1.8.3',
109 silly addNameRange     '1.9.0',
109 silly addNameRange     '1.9.1',
109 silly addNameRange     '1.9.2',
109 silly addNameRange     '1.9.3',
109 silly addNameRange     '1.9.4',
109 silly addNameRange     '1.10.0',
109 silly addNameRange     '1.10.1',
109 silly addNameRange     '1.10.2',
109 silly addNameRange     '1.10.3',
109 silly addNameRange     '1.10.4',
109 silly addNameRange     '1.10.5',
109 silly addNameRange     '1.10.6',
109 silly addNameRange     '1.10.7',
109 silly addNameRange     '1.10.8',
109 silly addNameRange     '1.10.9',
109 silly addNameRange     '1.10.11',
109 silly addNameRange     '1.10.12',
109 silly addNameRange     '1.10.13',
109 silly addNameRange     '1.10.14',
109 silly addNameRange     '1.10.15',
109 silly addNameRange     '1.10.16',
109 silly addNameRange     '1.10.17',
109 silly addNameRange     '1.11.0',
109 silly addNameRange     '1.11.1',
109 silly addNameRange     '1.12.0',
109 silly addNameRange     '1.12.1',
109 silly addNameRange     '1.12.2',
109 silly addNameRange     '1.12.3',
109 silly addNameRange     '1.13.0',
109 silly addNameRange     '1.13.1',
109 silly addNameRange     '1.13.2',
109 silly addNameRange     '1.13.3',
109 silly addNameRange     '1.13.4',
109 silly addNameRange     '1.13.5',
109 silly addNameRange     '1.13.6',
109 silly addNameRange     '1.13.8',
109 silly addNameRange     '1.13.9',
109 silly addNameRange     '1.13.10',
109 silly addNameRange     '1.14.0',
109 silly addNameRange     '1.14.1',
109 silly addNameRange     '1.14.2',
109 silly addNameRange     '1.14.3',
109 silly addNameRange     '1.14.4',
109 silly addNameRange     '1.14.5',
109 silly addNameRange     '1.15.0',
109 silly addNameRange     '1.15.1',
109 silly addNameRange     '1.15.2',
109 silly addNameRange     '1.15.3',
109 silly addNameRange     '1.15.4',
109 silly addNameRange     '1.15.5',
109 silly addNameRange     '1.15.6',
109 silly addNameRange     '1.16.0',
109 silly addNameRange     '1.16.1',
109 silly addNameRange     '1.16.2',
109 silly addNameRange     '1.16.3',
109 silly addNameRange     '1.16.4',
109 silly addNameRange     '1.16.5',
109 silly addNameRange     '1.16.6',
109 silly addNameRange     '1.16.7',
109 silly addNameRange     '1.16.8',
109 silly addNameRange     '1.17.0',
109 silly addNameRange     '1.17.1',
109 silly addNameRange     '1.17.2',
109 silly addNameRange     '1.17.3',
109 silly addNameRange     '1.18.0',
109 silly addNameRange     '2.0.0',
109 silly addNameRange     '2.0.1',
109 silly addNameRange     '2.1.0',
109 silly addNameRange     '2.2.0',
109 silly addNameRange     '2.2.1',
109 silly addNameRange     '2.2.2',
109 silly addNameRange     '2.2.3',
109 silly addNameRange     '2.2.4',
109 silly addNameRange     '2.2.5',
109 silly addNameRange     '2.2.6',
109 silly addNameRange     '2.3.0',
109 silly addNameRange     '2.3.1',
109 silly addNameRange     '2.4.0',
109 silly addNameRange     '2.4.1',
109 silly addNameRange     '2.4.2',
109 silly addNameRange     '2.4.3',
109 silly addNameRange     '2.5.0',
109 silly addNameRange     '2.5.1',
109 silly addNameRange     '2.6.0',
109 silly addNameRange     '2.6.1',
109 silly addNameRange     '2.7.0',
109 silly addNameRange     '2.7.1',
109 silly addNameRange     '2.7.2',
109 silly addNameRange     '2.7.3',
109 silly addNameRange     '2.7.4',
109 silly addNameRange     '2.8.0',
109 silly addNameRange     '2.8.1',
109 silly addNameRange     '2.9.0',
109 silly addNameRange     '2.10.0',
109 silly addNameRange     '2.10.1',
109 silly addNameRange     '2.10.2',
109 silly addNameRange     '2.11.0',
109 silly addNameRange     '2.12.0',
109 silly addNameRange     '2.12.1',
109 silly addNameRange     '2.12.2',
109 silly addNameRange     '2.12.3',
109 silly addNameRange     '2.12.4',
109 silly addNameRange     '2.12.5',
109 silly addNameRange     '2.13.0',
109 silly addNameRange     '2.13.1',
109 silly addNameRange     '2.13.2',
109 silly addNameRange     '2.13.3',
109 silly addNameRange     '2.14.0',
109 silly addNameRange     '2.14.1',
109 silly addNameRange     '2.14.2',
109 silly addNameRange     '2.15.0',
109 silly addNameRange     '2.16.0',
109 silly addNameRange     '2.17.0',
109 silly addNameRange     '2.17.1',
109 silly addNameRange     '2.17.2',
109 silly addNameRange     '2.17.3',
109 silly addNameRange     '2.17.4',
109 silly addNameRange     '2.18.0',
109 silly addNameRange     '2.18.1',
109 silly addNameRange     '2.19.0',
109 silly addNameRange     '2.20.0',
109 silly addNameRange     '2.20.1',
109 silly addNameRange     '2.20.2',
109 silly addNameRange     '2.21.0',
109 silly addNameRange     '2.22.0',
109 silly addNameRange     '2.23.0',
109 silly addNameRange     '2.23.1',
109 silly addNameRange     '2.24.0',
109 silly addNameRange     '2.24.1',
109 silly addNameRange     '2.24.2',
109 silly addNameRange     '2.24.3',
109 silly addNameRange     '2.25.0',
109 silly addNameRange     '2.25.1',
109 silly addNameRange     '2.26.0',
109 silly addNameRange     '2.27.0',
109 silly addNameRange     '2.27.1',
109 silly addNameRange     '2.28.0',
109 silly addNameRange     '2.29.0',
109 silly addNameRange     '2.29.1',
109 silly addNameRange     '2.30.0',
109 silly addNameRange     '2.31.0',
109 silly addNameRange     '2.32.0',
109 silly addNameRange     '2.32.1',
109 silly addNameRange     '2.32.2',
109 silly addNameRange     '2.32.3',
109 silly addNameRange     '2.32.4',
109 silly addNameRange     '2.33.0',
109 silly addNameRange     '2.33.1',
109 silly addNameRange     '2.34.0',
109 silly addNameRange     '2.34.1',
109 silly addNameRange     '2.34.2',
109 silly addNameRange     '2.34.3',
109 silly addNameRange     '2.35.0',
109 silly addNameRange     '2.35.1',
109 silly addNameRange     '2.35.2',
109 silly addNameRange     '2.35.3',
109 silly addNameRange     '2.35.4',
109 silly addNameRange     '2.36.0',
109 silly addNameRange     '2.36.1',
109 silly addNameRange     '3.0.0',
109 silly addNameRange     '3.1.0',
109 silly addNameRange     '3.1.1',
109 silly addNameRange     '3.1.2',
109 silly addNameRange     '3.1.3',
109 silly addNameRange     '3.2.0',
109 silly addNameRange     '3.2.1',
109 silly addNameRange     '3.2.2',
109 silly addNameRange     '3.3.0',
109 silly addNameRange     '3.4.0',
109 silly addNameRange     '3.4.1',
109 silly addNameRange     '3.5.0',
109 silly addNameRange     '3.6.0',
109 silly addNameRange     '3.7.0',
109 silly addNameRange     '3.8.0',
109 silly addNameRange     '3.8.1',
109 silly addNameRange     '3.9.0',
109 silly addNameRange     '3.9.1',
109 silly addNameRange     '3.10.0',
109 silly addNameRange     '3.11.0',
109 silly addNameRange     '3.11.1',
109 silly addNameRange     '3.12.0',
109 silly addNameRange     '3.13.0',
109 silly addNameRange     '3.14.0',
109 silly addNameRange     '3.14.1',
109 silly addNameRange     '3.16.0',
109 silly addNameRange     '3.16.1',
109 silly addNameRange     '3.17.0',
109 silly addNameRange     '3.18.0',
109 silly addNameRange     '3.19.0',
109 silly addNameRange     '3.19.1',
109 silly addNameRange     '3.20.0',
109 silly addNameRange     '3.20.1',
109 silly addNameRange     '3.20.2',
109 silly addNameRange     '3.21.0',
109 silly addNameRange     '3.21.1',
109 silly addNameRange     '3.22.0',
109 silly addNameRange     '3.22.1',
109 silly addNameRange     '3.23.0',
109 silly addNameRange     '3.23.1',
109 silly addNameRange     '3.24.0',
109 silly addNameRange     '3.24.1',
109 silly addNameRange     '3.24.2',
109 silly addNameRange     '3.24.3',
109 silly addNameRange     '3.24.4',
109 silly addNameRange     '3.24.5',
109 silly addNameRange     '3.24.6',
109 silly addNameRange     '3.24.7',
109 silly addNameRange     '3.24.8',
109 silly addNameRange     '3.24.9',
109 silly addNameRange     '3.24.10',
109 silly addNameRange     '3.24.11',
109 silly addNameRange     '3.24.13',
109 silly addNameRange     '3.25.0',
109 silly addNameRange     '3.25.1',
109 silly addNameRange     '3.25.2',
109 silly addNameRange     '3.26.0',
109 silly addNameRange     '3.27.0',
109 silly addNameRange     '3.27.1',
109 silly addNameRange     '3.28.0',
109 silly addNameRange     '3.28.1',
109 silly addNameRange     '3.28.2',
109 silly addNameRange     '3.29.0',
109 silly addNameRange     '3.29.1',
109 silly addNameRange     '3.30.0',
109 silly addNameRange     '3.30.1',
109 silly addNameRange     '3.30.2',
109 silly addNameRange     '3.30.3',
109 silly addNameRange     '3.30.4',
109 silly addNameRange     '3.31.0',
109 silly addNameRange     '3.31.1',
109 silly addNameRange     '3.31.2',
109 silly addNameRange     '3.32.0',
109 silly addNameRange     '3.32.1',
109 silly addNameRange     '3.33.0',
109 silly addNameRange     '3.33.1',
109 silly addNameRange     '3.34.0',
109 silly addNameRange     '3.35.0',
109 silly addNameRange     '3.36.0',
109 silly addNameRange     '3.36.1',
109 silly addNameRange     '3.37.0',
109 silly addNameRange     '3.37.1',
109 silly addNameRange     '3.37.2',
109 silly addNameRange     '3.38.0',
109 silly addNameRange     '3.38.1',
109 silly addNameRange     '3.39.0',
109 silly addNameRange     '3.40.0',
109 silly addNameRange     '3.40.1',
109 silly addNameRange     '3.40.2',
109 silly addNameRange     '3.40.3',
109 silly addNameRange     '3.40.4',
109 silly addNameRange     '3.41.0',
109 silly addNameRange     '3.42.0',
109 silly addNameRange     '3.43.0',
109 silly addNameRange     '3.44.0',
109 silly addNameRange     '3.44.1',
109 silly addNameRange     '3.44.2',
109 silly addNameRange     '3.45.0',
109 silly addNameRange     '3.46.0',
109 silly addNameRange     '3.46.1',
109 silly addNameRange     '4.0.0',
109 silly addNameRange     '4.1.0',
109 silly addNameRange     '4.1.1',
109 silly addNameRange     '4.1.2',
109 silly addNameRange     '4.1.3',
109 silly addNameRange     '4.1.4',
109 silly addNameRange     '4.1.5',
109 silly addNameRange     '4.1.6',
109 silly addNameRange     '4.1.7',
109 silly addNameRange     '4.1.8',
109 silly addNameRange     '4.1.9',
109 silly addNameRange     '4.1.10',
109 silly addNameRange     '4.1.11',
109 silly addNameRange     '4.2.0',
109 silly addNameRange     '4.2.1',
109 silly addNameRange     '4.2.2',
109 silly addNameRange     '4.2.3',
109 silly addNameRange     '5.0.0',
109 silly addNameRange     '5.0.1',
109 silly addNameRange     '5.0.2',
109 silly addNameRange     '5.0.3',
109 silly addNameRange     '5.0.4',
109 silly addNameRange     '5.0.5',
109 silly addNameRange     '5.0.6',
109 silly addNameRange     '5.0.7',
109 silly addNameRange     '5.0.8',
109 silly addNameRange     '5.1.0',
109 silly addNameRange     '5.1.1',
109 silly addNameRange     '5.2.0',
109 silly addNameRange     '5.2.1',
109 silly addNameRange     '5.3.0',
109 silly addNameRange     '5.4.0',
109 silly addNameRange     '5.4.1',
109 silly addNameRange     '5.4.2',
109 silly addNameRange     '5.5.0',
109 silly addNameRange     '5.6.0',
109 silly addNameRange     '5.6.1',
109 silly addNameRange     '5.7.0',
109 silly addNameRange     '5.8.0',
109 silly addNameRange     '5.9.0',
109 silly addNameRange     '5.9.1',
109 silly addNameRange     '5.9.2',
109 silly addNameRange     '5.9.3',
109 silly addNameRange     '5.10.0',
109 silly addNameRange     '5.10.1',
109 silly addNameRange     '5.11.0',
109 silly addNameRange     '5.11.1',
109 silly addNameRange     '5.11.2',
109 silly addNameRange     '5.12.0',
109 silly addNameRange     '5.12.1',
109 silly addNameRange     '5.12.2',
109 silly addNameRange     '5.13.0',
109 silly addNameRange     '5.13.1',
109 silly addNameRange     '6.0.0',
109 silly addNameRange     '6.0.1',
109 silly addNameRange     '6.0.2',
109 silly addNameRange     '6.0.3',
109 silly addNameRange     '6.1.0',
109 silly addNameRange     '6.1.1',
109 silly addNameRange     '6.1.2',
109 silly addNameRange     '6.2.0',
109 silly addNameRange     '6.3.0',
109 silly addNameRange     '6.3.1',
109 silly addNameRange     '6.3.2',
109 silly addNameRange     '6.3.3',
109 silly addNameRange     '6.3.4',
109 silly addNameRange     '7.0.0',
109 silly addNameRange     '7.0.1',
109 silly addNameRange     '7.0.2',
109 silly addNameRange     '7.0.3',
109 silly addNameRange     '7.1.0',
109 silly addNameRange     '8.0.0',
109 silly addNameRange     '8.0.1',
109 silly addNameRange     '8.0.2',
109 silly addNameRange     '8.0.3',
109 silly addNameRange     '8.1.0',
109 silly addNameRange     '8.1.1',
109 silly addNameRange     '8.1.2',
109 silly addNameRange     '8.1.3',
109 silly addNameRange     '9.0.0',
109 silly addNameRange     '9.0.1',
109 silly addNameRange     '9.0.2',
109 silly addNameRange     '9.0.3',
109 silly addNameRange     '9.0.4',
109 silly addNameRange     '9.0.5',
109 silly addNameRange     '9.0.6',
109 silly addNameRange     '9.0.7',
109 silly addNameRange     '9.0.8',
109 silly addNameRange     '10.0.0',
109 silly addNameRange     '10.1.0',
109 silly addNameRange     '10.1.1',
109 silly addNameRange     '10.1.2',
109 silly addNameRange     '10.1.3',
109 silly addNameRange     '10.2.0',
109 silly addNameRange     '10.2.1',
109 silly addNameRange     '10.2.3',
109 silly addNameRange     '10.2.4',
109 silly addNameRange     '10.2.5',
109 silly addNameRange     '10.2.6',
109 silly addNameRange     '11.0.0',
109 silly addNameRange     '11.0.1',
109 silly addNameRange     '11.1.0',
109 silly addNameRange     '11.2.0' ] ]
110 verbose addNamed [ 'browserify', '11.2.0' ]
111 verbose addNamed [ '11.2.0', '11.2.0' ]
112 silly lockFile 97d9b3ff-browserify-11-2-0 browserify@11.2.0
113 verbose lock browserify@11.2.0 /home/nvm/.npm/97d9b3ff-browserify-11-2-0.lock
114 silly lockFile e64c2b39-browserify-browserify-11-2-0-tgz https://registry.npmjs.org/browserify/-/browserify-11.2.0.tgz
115 verbose lock https://registry.npmjs.org/browserify/-/browserify-11.2.0.tgz /home/nvm/.npm/e64c2b39-browserify-browserify-11-2-0-tgz.lock
116 verbose addRemoteTarball [ 'https://registry.npmjs.org/browserify/-/browserify-11.2.0.tgz',
116 verbose addRemoteTarball   'a11bb9dd209d79572b813f7eeeaf828a5f5c0e4e' ]
117 info retry fetch attempt 1 at 16:39:22
118 verbose fetch to= /tmp/npm-3107-Ptlz2Sv5/registry.npmjs.org/browserify/-/browserify-11.2.0.tgz
119 http GET https://registry.npmjs.org/browserify/-/browserify-11.2.0.tgz
120 http 200 https://registry.npmjs.org/browserify/-/browserify-11.2.0.tgz
121 http 304 https://registry.npmjs.org/mocha
122 silly registry.get cb [ 304,
122 silly registry.get   { date: 'Thu, 24 Sep 2015 04:39:22 GMT',
122 silly registry.get     via: '1.1 varnish',
122 silly registry.get     'cache-control': 'max-age=60',
122 silly registry.get     etag: '"CMNGSG6GEF2KDSO62MO1NH4VK"',
122 silly registry.get     age: '0',
122 silly registry.get     connection: 'keep-alive',
122 silly registry.get     'x-served-by': 'cache-akl6420-AKL',
122 silly registry.get     'x-cache': 'HIT',
122 silly registry.get     'x-cache-hits': '1',
122 silly registry.get     'x-timer': 'S1443069562.445128,VS0,VE167',
122 silly registry.get     vary: 'Accept' } ]
123 verbose etag https://registry.npmjs.org/mocha from cache
124 silly addNameRange number 2 { name: 'mocha', range: '>=2.3.3-0 <3.0.0-0', hasData: true }
125 silly addNameRange versions [ 'mocha',
125 silly addNameRange   [ '0.0.1-alpha1',
125 silly addNameRange     '0.0.1-alpha2',
125 silly addNameRange     '0.0.1-alpha3',
125 silly addNameRange     '0.0.1-alpha4',
125 silly addNameRange     '0.0.1-alpha5',
125 silly addNameRange     '0.0.1-alpha6',
125 silly addNameRange     '0.0.1',
125 silly addNameRange     '0.0.2',
125 silly addNameRange     '0.0.3',
125 silly addNameRange     '0.0.4',
125 silly addNameRange     '0.0.5',
125 silly addNameRange     '0.0.6',
125 silly addNameRange     '0.0.7',
125 silly addNameRange     '0.0.8',
125 silly addNameRange     '0.1.0',
125 silly addNameRange     '0.2.0',
125 silly addNameRange     '0.3.0',
125 silly addNameRange     '0.3.1',
125 silly addNameRange     '0.3.2',
125 silly addNameRange     '0.3.3',
125 silly addNameRange     '0.3.4',
125 silly addNameRange     '0.3.6',
125 silly addNameRange     '0.4.0',
125 silly addNameRange     '0.5.0',
125 silly addNameRange     '0.6.0',
125 silly addNameRange     '0.7.0',
125 silly addNameRange     '0.7.1',
125 silly addNameRange     '0.8.0',
125 silly addNameRange     '0.8.1',
125 silly addNameRange     '0.9.0',
125 silly addNameRange     '0.10.0',
125 silly addNameRange     '0.10.1',
125 silly addNameRange     '0.10.2',
125 silly addNameRange     '0.11.0',
125 silly addNameRange     '0.12.0',
125 silly addNameRange     '0.12.1',
125 silly addNameRange     '0.13.0',
125 silly addNameRange     '0.14.0',
125 silly addNameRange     '0.14.1',
125 silly addNameRange     '1.0.0',
125 silly addNameRange     '1.0.1',
125 silly addNameRange     '1.0.2',
125 silly addNameRange     '1.0.3',
125 silly addNameRange     '1.1.0',
125 silly addNameRange     '1.2.0',
125 silly addNameRange     '1.2.1',
125 silly addNameRange     '1.2.2',
125 silly addNameRange     '1.3.0',
125 silly addNameRange     '1.3.1',
125 silly addNameRange     '1.3.2',
125 silly addNameRange     '1.4.0',
125 silly addNameRange     '1.4.1',
125 silly addNameRange     '1.4.2',
125 silly addNameRange     '1.4.3',
125 silly addNameRange     '1.5.0',
125 silly addNameRange     '1.6.0',
125 silly addNameRange     '1.7.0',
125 silly addNameRange     '1.7.1',
125 silly addNameRange     '1.7.2',
125 silly addNameRange     '1.7.3',
125 silly addNameRange     '1.7.4',
125 silly addNameRange     '1.8.0',
125 silly addNameRange     '1.8.1',
125 silly addNameRange     '1.8.2',
125 silly addNameRange     '1.9.0',
125 silly addNameRange     '1.10.0',
125 silly addNameRange     '1.11.0',
125 silly addNameRange     '1.12.0',
125 silly addNameRange     '1.12.1',
125 silly addNameRange     '1.13.0',
125 silly addNameRange     '1.14.0',
125 silly addNameRange     '1.15.0',
125 silly addNameRange     '1.15.1',
125 silly addNameRange     '1.16.0',
125 silly addNameRange     '1.16.1',
125 silly addNameRange     '1.16.2',
125 silly addNameRange     '1.17.0',
125 silly addNameRange     '1.17.1',
125 silly addNameRange     '1.18.0',
125 silly addNameRange     '1.18.1',
125 silly addNameRange     '1.18.2',
125 silly addNameRange     '1.19.0',
125 silly addNameRange     '1.20.0',
125 silly addNameRange     '1.20.1',
125 silly addNameRange     '1.21.0',
125 silly addNameRange     '1.21.1',
125 silly addNameRange     '1.21.2',
125 silly addNameRange     '1.21.3',
125 silly addNameRange     '1.21.4',
125 silly addNameRange     '1.21.5',
125 silly addNameRange     '2.0.0',
125 silly addNameRange     '2.0.1',
125 silly addNameRange     '2.1.0',
125 silly addNameRange     '2.2.0',
125 silly addNameRange     '2.2.1',
125 silly addNameRange     '2.2.3',
125 silly addNameRange     '2.2.4',
125 silly addNameRange     '2.2.5',
125 silly addNameRange     '2.3.0',
125 silly addNameRange     '2.3.1',
125 silly addNameRange     '2.3.2',
125 silly addNameRange     '2.3.3' ] ]
126 verbose addNamed [ 'mocha', '2.3.3' ]
127 verbose addNamed [ '2.3.3', '2.3.3' ]
128 silly lockFile 6a81196a-mocha-2-3-3 mocha@2.3.3
129 verbose lock mocha@2.3.3 /home/nvm/.npm/6a81196a-mocha-2-3-3.lock
130 silly lockFile 6a81196a-mocha-2-3-3 mocha@2.3.3
131 silly lockFile 6a81196a-mocha-2-3-3 mocha@2.3.3
132 silly lockFile 269a5e08-mocha-2-3-3 mocha@^2.3.3
133 silly lockFile 269a5e08-mocha-2-3-3 mocha@^2.3.3
134 http 304 https://registry.npmjs.org/chai
135 silly registry.get cb [ 304,
135 silly registry.get   { date: 'Thu, 24 Sep 2015 04:39:22 GMT',
135 silly registry.get     via: '1.1 varnish',
135 silly registry.get     'cache-control': 'max-age=60',
135 silly registry.get     etag: '"16CYCJ13PH4WFETPP6WET8VII"',
135 silly registry.get     age: '0',
135 silly registry.get     connection: 'keep-alive',
135 silly registry.get     'x-served-by': 'cache-akl6420-AKL',
135 silly registry.get     'x-cache': 'HIT',
135 silly registry.get     'x-cache-hits': '1',
135 silly registry.get     'x-timer': 'S1443069562.445444,VS0,VE198',
135 silly registry.get     vary: 'Accept' } ]
136 verbose etag https://registry.npmjs.org/chai from cache
137 silly lockFile e64c2b39-browserify-browserify-11-2-0-tgz https://registry.npmjs.org/browserify/-/browserify-11.2.0.tgz
138 silly lockFile e64c2b39-browserify-browserify-11-2-0-tgz https://registry.npmjs.org/browserify/-/browserify-11.2.0.tgz
139 silly addNameRange number 2 { name: 'chai', range: '>=3.3.0-0 <4.0.0-0', hasData: true }
140 silly addNameRange versions [ 'chai',
140 silly addNameRange   [ '0.0.1',
140 silly addNameRange     '0.0.2',
140 silly addNameRange     '0.1.0',
140 silly addNameRange     '0.1.1',
140 silly addNameRange     '0.1.2',
140 silly addNameRange     '0.1.3',
140 silly addNameRange     '0.1.4',
140 silly addNameRange     '0.1.5',
140 silly addNameRange     '0.1.6',
140 silly addNameRange     '0.1.7',
140 silly addNameRange     '0.2.0',
140 silly addNameRange     '0.2.1',
140 silly addNameRange     '0.2.2',
140 silly addNameRange     '0.2.3',
140 silly addNameRange     '0.2.4',
140 silly addNameRange     '0.3.0',
140 silly addNameRange     '0.3.1',
140 silly addNameRange     '0.3.2',
140 silly addNameRange     '0.3.3',
140 silly addNameRange     '0.3.4',
140 silly addNameRange     '0.4.0',
140 silly addNameRange     '0.4.1',
140 silly addNameRange     '0.4.2',
140 silly addNameRange     '0.5.0',
140 silly addNameRange     '0.5.1',
140 silly addNameRange     '0.5.2',
140 silly addNameRange     '0.5.3',
140 silly addNameRange     '1.0.0',
140 silly addNameRange     '1.0.1',
140 silly addNameRange     '1.0.2',
140 silly addNameRange     '1.0.3',
140 silly addNameRange     '1.0.4',
140 silly addNameRange     '1.1.0',
140 silly addNameRange     '1.1.1',
140 silly addNameRange     '1.2.0',
140 silly addNameRange     '1.3.0',
140 silly addNameRange     '1.4.0',
140 silly addNameRange     '1.4.1',
140 silly addNameRange     '1.4.2',
140 silly addNameRange     '1.5.0',
140 silly addNameRange     '1.6.0',
140 silly addNameRange     '1.6.1',
140 silly addNameRange     '1.7.0',
140 silly addNameRange     '1.7.1',
140 silly addNameRange     '1.7.2',
140 silly addNameRange     '1.8.0',
140 silly addNameRange     '1.8.1',
140 silly addNameRange     '1.9.0',
140 silly addNameRange     '1.9.1',
140 silly addNameRange     '1.9.2',
140 silly addNameRange     '1.10.0',
140 silly addNameRange     '2.0.0',
140 silly addNameRange     '2.1.0',
140 silly addNameRange     '2.1.1',
140 silly addNameRange     '2.1.2',
140 silly addNameRange     '2.2.0',
140 silly addNameRange     '2.3.0',
140 silly addNameRange     '3.0.0',
140 silly addNameRange     '3.1.0',
140 silly addNameRange     '3.2.0',
140 silly addNameRange     '3.3.0' ] ]
141 verbose addNamed [ 'chai', '3.3.0' ]
142 verbose addNamed [ '3.3.0', '3.3.0' ]
143 silly lockFile 7d1fce64-chai-3-3-0 chai@3.3.0
144 verbose lock chai@3.3.0 /home/nvm/.npm/7d1fce64-chai-3-3-0.lock
145 silly lockFile 97d9b3ff-browserify-11-2-0 browserify@11.2.0
146 silly lockFile 97d9b3ff-browserify-11-2-0 browserify@11.2.0
147 http 304 https://registry.npmjs.org/sinon-chai
148 silly registry.get cb [ 304,
148 silly registry.get   { date: 'Thu, 24 Sep 2015 04:39:22 GMT',
148 silly registry.get     via: '1.1 varnish',
148 silly registry.get     'cache-control': 'max-age=60',
148 silly registry.get     etag: '"3D7C991XACFRD4PZFDHXKNCKI"',
148 silly registry.get     age: '0',
148 silly registry.get     connection: 'keep-alive',
148 silly registry.get     'x-served-by': 'cache-akl6420-AKL',
148 silly registry.get     'x-cache': 'HIT',
148 silly registry.get     'x-cache-hits': '1',
148 silly registry.get     'x-timer': 'S1443069562.445591,VS0,VE206',
148 silly registry.get     vary: 'Accept' } ]
149 verbose etag https://registry.npmjs.org/sinon-chai from cache
150 silly lockFile 18d46eaa-browserify-11-1-0 browserify@^11.1.0
151 silly lockFile 18d46eaa-browserify-11-1-0 browserify@^11.1.0
152 http 304 https://registry.npmjs.org/sinon
153 silly registry.get cb [ 304,
153 silly registry.get   { date: 'Thu, 24 Sep 2015 04:39:22 GMT',
153 silly registry.get     via: '1.1 varnish',
153 silly registry.get     'cache-control': 'max-age=60',
153 silly registry.get     etag: '"322TXV5ALDNGNLHEEKWEAZXXX"',
153 silly registry.get     age: '0',
153 silly registry.get     connection: 'keep-alive',
153 silly registry.get     'x-served-by': 'cache-akl6420-AKL',
153 silly registry.get     'x-cache': 'HIT',
153 silly registry.get     'x-cache-hits': '1',
153 silly registry.get     'x-timer': 'S1443069562.444534,VS0,VE208',
153 silly registry.get     vary: 'Accept' } ]
154 verbose etag https://registry.npmjs.org/sinon from cache
155 silly lockFile 7d1fce64-chai-3-3-0 chai@3.3.0
156 silly lockFile 7d1fce64-chai-3-3-0 chai@3.3.0
157 silly addNameRange number 2 { name: 'sinon-chai',
157 silly addNameRange   range: '>=2.8.0-0 <3.0.0-0',
157 silly addNameRange   hasData: true }
158 silly addNameRange versions [ 'sinon-chai',
158 silly addNameRange   [ '1.0.0',
158 silly addNameRange     '1.1.0',
158 silly addNameRange     '1.2.0',
158 silly addNameRange     '1.2.1',
158 silly addNameRange     '1.2.2',
158 silly addNameRange     '1.3.0',
158 silly addNameRange     '1.3.1',
158 silly addNameRange     '2.0.0',
158 silly addNameRange     '2.0.1',
158 silly addNameRange     '2.1.0',
158 silly addNameRange     '2.1.1',
158 silly addNameRange     '2.1.2',
158 silly addNameRange     '2.2.0',
158 silly addNameRange     '2.3.0',
158 silly addNameRange     '2.3.1',
158 silly addNameRange     '2.4.0',
158 silly addNameRange     '2.5.0',
158 silly addNameRange     '2.6.0',
158 silly addNameRange     '2.7.0',
158 silly addNameRange     '2.8.0' ] ]
159 verbose addNamed [ 'sinon-chai', '2.8.0' ]
160 verbose addNamed [ '2.8.0', '2.8.0' ]
161 silly lockFile 692ef27d-sinon-chai-2-8-0 sinon-chai@2.8.0
162 verbose lock sinon-chai@2.8.0 /home/nvm/.npm/692ef27d-sinon-chai-2-8-0.lock
163 silly lockFile 6419c8ac-chai-3-3-0 chai@^3.3.0
164 silly lockFile 6419c8ac-chai-3-3-0 chai@^3.3.0
165 silly addNameRange number 2 { name: 'sinon', range: '>=1.17.0-0 <2.0.0-0', hasData: true }
166 silly addNameRange versions [ 'sinon',
166 silly addNameRange   [ '0.6.2',
166 silly addNameRange     '0.6.3',
166 silly addNameRange     '1.0.0',
166 silly addNameRange     '1.0.1',
166 silly addNameRange     '1.0.2',
166 silly addNameRange     '1.1.0',
166 silly addNameRange     '1.1.1',
166 silly addNameRange     '1.2.0',
166 silly addNameRange     '1.3.0',
166 silly addNameRange     '1.3.1',
166 silly addNameRange     '1.3.2',
166 silly addNameRange     '1.3.3',
166 silly addNameRange     '1.3.4',
166 silly addNameRange     '1.4.0',
166 silly addNameRange     '1.4.1',
166 silly addNameRange     '1.4.2',
166 silly addNameRange     '1.5.0',
166 silly addNameRange     '1.5.2',
166 silly addNameRange     '1.6.0',
166 silly addNameRange     '1.7.0',
166 silly addNameRange     '1.7.1',
166 silly addNameRange     '1.7.2',
166 silly addNameRange     '1.7.3',
166 silly addNameRange     '1.8.1',
166 silly addNameRange     '1.8.2',
166 silly addNameRange     '1.9.0',
166 silly addNameRange     '1.9.1',
166 silly addNameRange     '1.10.0',
166 silly addNameRange     '1.10.1',
166 silly addNameRange     '1.10.2',
166 silly addNameRange     '1.10.3',
166 silly addNameRange     '1.11.0',
166 silly addNameRange     '1.11.1',
166 silly addNameRange     '1.12.0',
166 silly addNameRange     '1.12.1',
166 silly addNameRange     '1.12.2',
166 silly addNameRange     '1.13.0',
166 silly addNameRange     '1.14.0',
166 silly addNameRange     '1.14.1',
166 silly addNameRange     '1.15.0',
166 silly addNameRange     '1.15.1',
166 silly addNameRange     '1.15.2',
166 silly addNameRange     '1.15.3',
166 silly addNameRange     '1.15.4',
166 silly addNameRange     '1.16.0',
166 silly addNameRange     '1.16.1',
166 silly addNameRange     '1.17.0' ] ]
167 verbose addNamed [ 'sinon', '1.17.0' ]
168 verbose addNamed [ '1.17.0', '1.17.0' ]
169 silly lockFile 8b9fd3c3-sinon-1-17-0 sinon@1.17.0
170 verbose lock sinon@1.17.0 /home/nvm/.npm/8b9fd3c3-sinon-1-17-0.lock
171 silly lockFile 692ef27d-sinon-chai-2-8-0 sinon-chai@2.8.0
172 silly lockFile 692ef27d-sinon-chai-2-8-0 sinon-chai@2.8.0
173 silly lockFile 9ea2d9b5-sinon-chai-2-8-0 sinon-chai@^2.8.0
174 silly lockFile 9ea2d9b5-sinon-chai-2-8-0 sinon-chai@^2.8.0
175 silly lockFile 8b9fd3c3-sinon-1-17-0 sinon@1.17.0
176 silly lockFile 8b9fd3c3-sinon-1-17-0 sinon@1.17.0
177 silly lockFile 6992e28b-sinon-1-17-0 sinon@^1.17.0
178 silly lockFile 6992e28b-sinon-1-17-0 sinon@^1.17.0
179 error Error: EACCES, mkdir '/home/nvm/.npm/browserify/11.2.0'
179 error  { [Error: EACCES, mkdir '/home/nvm/.npm/browserify/11.2.0']
179 error   errno: 3,
179 error   code: 'EACCES',
179 error   path: '/home/nvm/.npm/browserify/11.2.0',
179 error   parent: 'canvas' }
180 error Please try running this command again as root/Administrator.
181 error System Linux 3.19.0-28-generic
182 error command "/usr/bin/node" "/usr/bin/npm" "install"
183 error cwd /home/nvm/DEV/kahu_canvas
184 error node -v v0.10.37
185 error npm -v 1.4.28
186 error path /home/nvm/.npm/browserify/11.2.0
187 error code EACCES
188 error errno 3
189 error stack Error: EACCES, mkdir '/home/nvm/.npm/browserify/11.2.0'
190 verbose exit [ 3, true ]
